<?xml version="1.0" encoding="utf-8"?><testsuites name="pytest tests"><testsuite name="pytest" errors="0" failures="0" skipped="0" tests="20" time="4.372" timestamp="2026-09-19T07:43:31.011156+00:00" hostname="agent-env-d5bf8c19-93e6-421a-bbda-ec7550d5e8f9"><testcase classname="tests.backend_test.TestAuth" name="test_register_new_user_is_free" time="0.383" /><testcase classname="tests.backend_test.TestAuth" name="test_premium_login" time="0.441" /><testcase classname="tests.backend_test.TestAuth" name="test_bearer_auth_works" time="0.112" /><testcase classname="tests.backend_test.TestAuth" name="test_cookie_auth_works" time="0.123" /><testcase classname="tests.backend_test.TestAuth" name="test_login_bad_password" time="0.346" /><testcase classname="tests.backend_test.TestSeedAndDashboard" name="test_seed_demo_creates_three" time="0.078" /><testcase classname="tests.backend_test.TestSeedAndDashboard" name="test_second_seed_returns_400" time="0.064" /><testcase classname="tests.backend_test.TestSeedAndDashboard" name="test_dashboard_matches_project_sums" time="0.131" /><testcase classname="tests.backend_test.TestSeedAndDashboard" name="test_project_summary_formulas" time="0.062" /><testcase classname="tests.backend_test.TestTransactions" name="test_lainnya_category_does_not_reduce_sisa" time="0.249" /><testcase classname="tests.backend_test.TestTransactions" name="test_termin_category_reduces_sisa" time="0.252" /><testcase classname="tests.backend_test.TestTransactions" name="test_create_project_and_transactions" time="0.254" /><testcase classname="tests.backend_test.TestWorkers" name="test_worker_pay_creates_transaction_with_correct_category" time="0.311" /><testcase classname="tests.backend_test.TestPremiumGating" name="test_free_user_blocked_from_premium_endpoints" time="0.244" /><testcase classname="tests.backend_test.TestPremiumGating" name="test_upgrade_unlocks_premium" time="0.194" /><testcase classname="tests.backend_test.TestPremiumGating" name="test_toggle_flips_tier" time="0.240" /><testcase classname="tests.backend_test.TestPremiumFlows" name="test_workitems_progress_and_summary" time="0.388" /><testcase classname="tests.backend_test.TestPremiumFlows" name="test_report_structure" time="0.135" /><testcase classname="tests.backend_test.TestPremiumFlows" name="test_report_pdf_via_query_token" time="0.185" /><testcase classname="tests.backend_test.TestMisc" name="test_categories_endpoint" time="0.121" /></testsuite></testsuites>