<?xml version="1.0" encoding="utf-8"?><testsuites name="pytest tests"><testsuite name="pytest" errors="0" failures="0" skipped="0" tests="5" time="3.521" timestamp="2026-09-19T08:31:52.321146+00:00" hostname="agent-env-d5bf8c19-93e6-421a-bbda-ec7550d5e8f9"><testcase classname="tests.backend_test.TestSubItems" name="test_free_user_blocked_from_subitems" time="1.107" /><testcase classname="tests.backend_test.TestSubItems" name="test_subitem_crud_and_autosum" time="1.160" /><testcase classname="tests.backend_test.TestSubItems" name="test_cost_loaded_project_progress_hybrid" time="0.499" /><testcase classname="tests.backend_test.TestSubItems" name="test_delete_workitem_cascades_subitems" time="0.365" /><testcase classname="tests.backend_test.TestSubItems" name="test_delete_project_cascades_subitems" time="0.305" /></testsuite></testsuites>